Build started 5/26/2020 9:10:42 AM.
Logging verbosity is set to: Normal.     1>Project "C:\CSSPTools\src\codegen\Tests\ActionCommandDBServices.Tests\ActionCommandDBServices.Tests.csproj" on node 1 (Restore target(s)).
     1>Restore:
         Committing restore...
         Assets file has not changed. Skipping assets file writing. Path: C:\CSSPTools\src\codegen\Tests\ActionCommandDBServices.Tests\obj\project.assets.json
         Restore completed in 67.27 ms for C:\CSSPTools\src\codegen\Tests\ActionCommandDBServices.Tests\ActionCommandDBServices.Tests.csproj.
         
         NuGet Config files used:
             C:\Users\charl\AppData\Roaming\NuGet\NuGet.Config
             C:\Program Files (x86)\NuGet\Config\Microsoft.VisualStudio.Offline.config
         
         Feeds used:
             https://api.nuget.org/v3/index.json
             C:\Program Files (x86)\Microsoft SDKs\NuGetPackages\
     1>Done Building Project "C:\CSSPTools\src\codegen\Tests\ActionCommandDBServices.Tests\ActionCommandDBServices.Tests.csproj" (Restore target(s)).
   1:7>Project "C:\CSSPTools\src\codegen\Tests\ActionCommandDBServices.Tests\ActionCommandDBServices.Tests.csproj" on node 1 (VSTest target(s)).
     1>BuildProject:
         Build started, please wait...
   1:7>Project "C:\CSSPTools\src\codegen\Tests\ActionCommandDBServices.Tests\ActionCommandDBServices.Tests.csproj" (1:7) is building "C:\CSSPTools\src\codegen\Tests\ActionCommandDBServices.Tests\ActionCommandDBServices.Tests.csproj" (1:8) on node 1 (default targets).
     1>_CheckForNETCoreSdkIsPreview:
         You are using a preview version of .NET Core. See: https://aka.ms/dotnet-core-preview
       GenerateTargetFrameworkMonikerAttribute:
       Skipping target "GenerateTargetFrameworkMonikerAttribute" because all output files are up-to-date with respect to the input files.
       CoreGenerateAssemblyInfo:
       Skipping target "CoreGenerateAssemblyInfo" because all output files are up-to-date with respect to the input files.
       CoreCompile:
       Skipping target "CoreCompile" because all output files are up-to-date with respect to the input files.
       _CopyFilesMarkedCopyLocal:
         Touching "C:\CSSPTools\src\codegen\Tests\ActionCommandDBServices.Tests\obj\Debug\netcoreapp3.1\ActionCommandDBServices.Tests.csproj.CopyComplete".
       _CopyOutOfDateSourceItemsToOutputDirectory:
       Skipping target "_CopyOutOfDateSourceItemsToOutputDirectory" because all output files are up-to-date with respect to the input files.
       _CopyOutOfDateSourceItemsToOutputDirectoryAlways:
         Copying file from "C:\CSSPTools\src\codegen\Tests\ActionCommandDBServices.Tests\appsettings.json" to "C:\CSSPTools\src\codegen\Tests\ActionCommandDBServices.Tests\bin\Debug\netcoreapp3.1\appsettings.json".
         Copying file from "C:\CSSPTools\src\codegen\Tests\ActionCommandDBServices.Tests\ActionCommandList.csv" to "C:\CSSPTools\src\codegen\Tests\ActionCommandDBServices.Tests\bin\Debug\netcoreapp3.1\ActionCommandList.csv".
         Copying file from "C:\CSSPTools\src\codegen\Tests\ActionCommandDBServices.Tests\runEnumsGenerated_cs.txt" to "C:\CSSPTools\src\codegen\Tests\ActionCommandDBServices.Tests\bin\Debug\netcoreapp3.1\runEnumsGenerated_cs.txt".
       GenerateBuildDependencyFile:
       Skipping target "GenerateBuildDependencyFile" because all output files are up-to-date with respect to the input files.
       GenerateBuildRuntimeConfigurationFiles:
       Skipping target "GenerateBuildRuntimeConfigurationFiles" because all output files are up-to-date with respect to the input files.
       CopyFilesToOutputDirectory:
         ActionCommandDBServices.Tests -> C:\CSSPTools\src\codegen\Tests\ActionCommandDBServices.Tests\bin\Debug\netcoreapp3.1\ActionCommandDBServices.Tests.dll
     1>Done Building Project "C:\CSSPTools\src\codegen\Tests\ActionCommandDBServices.Tests\ActionCommandDBServices.Tests.csproj" (default targets).
     1>BuildProject:
         Build completed.
         
     1>Done Building Project "C:\CSSPTools\src\codegen\Tests\ActionCommandDBServices.Tests\ActionCommandDBServices.Tests.csproj" (VSTest target(s)) -- FAILED.

Build FAILED.
    0 Warning(s)
    0 Error(s)

Time Elapsed 00:00:06.25
